[INFO] Scanning for projects...
[INFO] 
[INFO] -----------------------< com.example:car-rental >-----------------------
[INFO] Building car-rental 0.0.1-SNAPSHOT
[INFO]   from pom.xml
[INFO] --------------------------------[ jar ]---------------------------------
[INFO] 
[INFO] --- resources:3.3.1:resources (default-resources) @ car-rental ---
[INFO] Copying 1 resource from src\main\resources to target\classes
[INFO] Copying 0 resource from src\main\resources to target\classes
[INFO] 
[INFO] --- compiler:3.11.0:compile (default-compile) @ car-rental ---
[INFO] Changes detected - recompiling the module! :source
[INFO] Compiling 27 source files with javac [debug release 17] to target\classes
[INFO] -------------------------------------------------------------
[ERROR] COMPILATION ERROR : 
[INFO] -------------------------------------------------------------
[ERROR] /C:/Users/Dell/Desktop/loccation-voiture/back-end/src/main/java/com/example/carrental/util/CarMapper.java:[25,29] cannot find symbol
  symbol:   method getAvailable()
  location: variable car of type com.example.carrental.entity.Car
[ERROR] /C:/Users/Dell/Desktop/loccation-voiture/back-end/src/main/java/com/example/carrental/util/CarMapper.java:[26,29] cannot find symbol
  symbol:   method getCreatedAt()
  location: variable car of type com.example.carrental.entity.Car
[ERROR] /C:/Users/Dell/Desktop/loccation-voiture/back-end/src/main/java/com/example/carrental/util/CarMapper.java:[27,29] cannot find symbol
  symbol:   method getUpdatedAt()
  location: variable car of type com.example.carrental.entity.Car
[ERROR] /C:/Users/Dell/Desktop/loccation-voiture/back-end/src/main/java/com/example/carrental/service/impl/RentalServiceImpl.java:[65,17] cannot find symbol
  symbol:   method getAvailable()
  location: variable car of type com.example.carrental.entity.Car
[INFO] 4 errors 
[INFO] -------------------------------------------------------------
[INFO] ------------------------------------------------------------------------
[INFO] BUILD FAILURE
[INFO] ------------------------------------------------------------------------
[INFO] Total time:  2.425 s
[INFO] Finished at: 2026-02-01T11:02:42+01:00
[INFO] ------------------------------------------------------------------------
[ERROR] Failed to execute goal org.apache.maven.plugins:maven-compiler-plugin:3.11.0:compile (default-compile) on project car-rental: Compilation failure: Compilation failure: 
[ERROR] /C:/Users/Dell/Desktop/loccation-voiture/back-end/src/main/java/com/example/carrental/util/CarMapper.java:[25,29] cannot find symbol
[ERROR]   symbol:   method getAvailable()
[ERROR]   location: variable car of type com.example.carrental.entity.Car
[ERROR] /C:/Users/Dell/Desktop/loccation-voiture/back-end/src/main/java/com/example/carrental/util/CarMapper.java:[26,29] cannot find symbol
[ERROR]   symbol:   method getCreatedAt()
[ERROR]   location: variable car of type com.example.carrental.entity.Car
[ERROR] /C:/Users/Dell/Desktop/loccation-voiture/back-end/src/main/java/com/example/carrental/util/CarMapper.java:[27,29] cannot find symbol
[ERROR]   symbol:   method getUpdatedAt()
[ERROR]   location: variable car of type com.example.carrental.entity.Car
[ERROR] /C:/Users/Dell/Desktop/loccation-voiture/back-end/src/main/java/com/example/carrental/service/impl/RentalServiceImpl.java:[65,17] cannot find symbol
[ERROR]   symbol:   method getAvailable()
[ERROR]   location: variable car of type com.example.carrental.entity.Car
[ERROR] -> [Help 1]
[ERROR] 
[ERROR] To see the full stack trace of the errors, re-run Maven with the -e switch.
[ERROR] Re-run Maven using the -X switch to enable full debug logging.
[ERROR] 
[ERROR] For more information about the errors and possible solutions, please read the following articles:
[ERROR] [Help 1] http://cwiki.apache.org/confluence/display/MAVEN/MojoFailureException
