[INFO] Scanning for projects...
[INFO] 
[INFO] -----------------------< com.example:car-rental >-----------------------
[INFO] Building car-rental 0.0.1-SNAPSHOT
[INFO]   from pom.xml
[INFO] --------------------------------[ jar ]---------------------------------
[INFO] 
[INFO] --- resources:3.3.1:resources (default-resources) @ car-rental ---
[INFO] Copying 1 resource from src\main\resources to target\classes
[INFO] Copying 0 resource from src\main\resources to target\classes
[INFO] 
[INFO] --- compiler:3.11.0:compile (default-compile) @ car-rental ---
[INFO] Changes detected - recompiling the module! :source
[INFO] Compiling 26 source files with javac [debug release 17] to target\classes
[INFO] -------------------------------------------------------------
[ERROR] COMPILATION ERROR : 
[INFO] -------------------------------------------------------------
[ERROR] /C:/Users/Dell/Desktop/loccation-voiture/back-end/src/main/java/com/example/carrental/util/UserMapper.java:[19,12] cannot find symbol
  symbol:   method setCreatedAt(java.time.LocalDateTime)
  location: variable dto of type com.example.carrental.dto.UserDTO
[ERROR] /C:/Users/Dell/Desktop/loccation-voiture/back-end/src/main/java/com/example/carrental/util/UserMapper.java:[20,12] cannot find symbol
  symbol:   method setUpdatedAt(java.time.LocalDateTime)
  location: variable dto of type com.example.carrental.dto.UserDTO
[ERROR] /C:/Users/Dell/Desktop/loccation-voiture/back-end/src/main/java/com/example/carrental/util/RentalMapper.java:[23,12] cannot find symbol
  symbol:   method setCreatedAt(java.time.LocalDateTime)
  location: variable dto of type com.example.carrental.dto.RentalDTO
[ERROR] /C:/Users/Dell/Desktop/loccation-voiture/back-end/src/main/java/com/example/carrental/util/RentalMapper.java:[24,12] cannot find symbol
  symbol:   method setUpdatedAt(java.time.LocalDateTime)
  location: variable dto of type com.example.carrental.dto.RentalDTO
[INFO] 4 errors 
[INFO] -------------------------------------------------------------
[INFO] ------------------------------------------------------------------------
[INFO] BUILD FAILURE
[INFO] ------------------------------------------------------------------------
[INFO] Total time:  3.144 s
[INFO] Finished at: 2026-02-01T10:45:19+01:00
[INFO] ------------------------------------------------------------------------
[ERROR] Failed to execute goal org.apache.maven.plugins:maven-compiler-plugin:3.11.0:compile (default-compile) on project car-rental: Compilation failure: Compilation failure: 
[ERROR] /C:/Users/Dell/Desktop/loccation-voiture/back-end/src/main/java/com/example/carrental/util/UserMapper.java:[19,12] cannot find symbol
[ERROR]   symbol:   method setCreatedAt(java.time.LocalDateTime)
[ERROR]   location: variable dto of type com.example.carrental.dto.UserDTO
[ERROR] /C:/Users/Dell/Desktop/loccation-voiture/back-end/src/main/java/com/example/carrental/util/UserMapper.java:[20,12] cannot find symbol
[ERROR]   symbol:   method setUpdatedAt(java.time.LocalDateTime)
[ERROR]   location: variable dto of type com.example.carrental.dto.UserDTO
[ERROR] /C:/Users/Dell/Desktop/loccation-voiture/back-end/src/main/java/com/example/carrental/util/RentalMapper.java:[23,12] cannot find symbol
[ERROR]   symbol:   method setCreatedAt(java.time.LocalDateTime)
[ERROR]   location: variable dto of type com.example.carrental.dto.RentalDTO
[ERROR] /C:/Users/Dell/Desktop/loccation-voiture/back-end/src/main/java/com/example/carrental/util/RentalMapper.java:[24,12] cannot find symbol
[ERROR]   symbol:   method setUpdatedAt(java.time.LocalDateTime)
[ERROR]   location: variable dto of type com.example.carrental.dto.RentalDTO
[ERROR] -> [Help 1]
[ERROR] 
[ERROR] To see the full stack trace of the errors, re-run Maven with the -e switch.
[ERROR] Re-run Maven using the -X switch to enable full debug logging.
[ERROR] 
[ERROR] For more information about the errors and possible solutions, please read the following articles:
[ERROR] [Help 1] http://cwiki.apache.org/confluence/display/MAVEN/MojoFailureException
